[10/20/2016 12:22:33 PM][00000000][jump]FSM_Ctrl#New_Game_Object FSM_Ctrl.xml
[10/20/2016 12:22:33 PM][00000001][tick]FSM_Ctrl#New_Game_Object FSM_Ctrl.xml->BehaviorTree[-1]:enter [success] [1]
[10/20/2016 12:22:33 PM][00000002][tick]FSM_Ctrl#New_Game_Object FSM_Ctrl.xml->BehaviorTree[-1]:update [running] [1]
[10/20/2016 12:22:33 PM][00000003][tick]FSM_Ctrl#New_Game_Object FSM_Ctrl.xml->FSM[-1]:enter [success] [1]
[10/20/2016 12:22:33 PM][00000004][tick]FSM_Ctrl#New_Game_Object FSM_Ctrl.xml->FSM[-1]:update [running] [1]
[10/20/2016 12:22:33 PM][00000005][tick]FSM_Ctrl#New_Game_Object FSM_Ctrl.xml->State[1]:enter [success] [1]
[10/20/2016 12:22:33 PM][00000006][tick]FSM_Ctrl#New_Game_Object FSM_Ctrl.xml->State[1]:update [running] [1]
[10/20/2016 12:22:33 PM][00000007][property]FSM_Ctrl#New_Game_Object FSM_Ctrl::isConAva->False
[10/20/2016 12:22:33 PM][00000008][property]FSM_Ctrl#New_Game_Object FSM_Ctrl::MouseStatus->0
[10/20/2016 12:22:33 PM][00000009][property]FSM_Ctrl#New_Game_Object FSM_Ctrl::Status->0
[10/20/2016 12:22:33 PM][00000010][tick]FSM_Ctrl#New_Game_Object FSM_Ctrl.xml->BehaviorTree[-1]:update [running] [2]
[10/20/2016 12:22:33 PM][00000011][tick]FSM_Ctrl#New_Game_Object FSM_Ctrl.xml->FSM[-1]:update [running] [2]
[10/20/2016 12:22:33 PM][00000012][tick]FSM_Ctrl#New_Game_Object FSM_Ctrl.xml->State[1]:update [running] [2]
[10/20/2016 12:22:33 PM][00000013][tick]FSM_Ctrl#New_Game_Object FSM_Ctrl.xml->BehaviorTree[-1]:update [running] [3]
[10/20/2016 12:22:33 PM][00000014][tick]FSM_Ctrl#New_Game_Object FSM_Ctrl.xml->FSM[-1]:update [running] [3]
[10/20/2016 12:22:33 PM][00000015][tick]FSM_Ctrl#New_Game_Object FSM_Ctrl.xml->State[1]:update [running] [3]
[10/20/2016 12:22:34 PM][00000016][tick]FSM_Ctrl#New_Game_Object FSM_Ctrl.xml->BehaviorTree[-1]:update [running] [4]
[10/20/2016 12:22:34 PM][00000017][tick]FSM_Ctrl#New_Game_Object FSM_Ctrl.xml->FSM[-1]:update [running] [4]
[10/20/2016 12:22:34 PM][00000018][tick]FSM_Ctrl#New_Game_Object FSM_Ctrl.xml->State[1]:update [running] [4]
[10/20/2016 12:22:34 PM][00000019][tick]FSM_Ctrl#New_Game_Object FSM_Ctrl.xml->BehaviorTree[-1]:update [running] [5]
[10/20/2016 12:22:34 PM][00000020][tick]FSM_Ctrl#New_Game_Object FSM_Ctrl.xml->FSM[-1]:update [running] [5]
[10/20/2016 12:22:34 PM][00000021][tick]FSM_Ctrl#New_Game_Object FSM_Ctrl.xml->State[1]:update [running] [5]
[10/20/2016 12:22:34 PM][00000022][tick]FSM_Ctrl#New_Game_Object FSM_Ctrl.xml->BehaviorTree[-1]:update [running] [6]
[10/20/2016 12:22:34 PM][00000023][tick]FSM_Ctrl#New_Game_Object FSM_Ctrl.xml->FSM[-1]:update [running] [6]
[10/20/2016 12:22:34 PM][00000024][tick]FSM_Ctrl#New_Game_Object FSM_Ctrl.xml->State[1]:update [running] [6]
[10/20/2016 12:22:34 PM][00000025][tick]FSM_Ctrl#New_Game_Object FSM_Ctrl.xml->BehaviorTree[-1]:update [running] [7]
[10/20/2016 12:22:34 PM][00000026][tick]FSM_Ctrl#New_Game_Object FSM_Ctrl.xml->FSM[-1]:update [running] [7]
[10/20/2016 12:22:34 PM][00000027][tick]FSM_Ctrl#New_Game_Object FSM_Ctrl.xml->State[1]:update [running] [7]
[10/20/2016 12:22:34 PM][00000028][tick]FSM_Ctrl#New_Game_Object FSM_Ctrl.xml->BehaviorTree[-1]:update [running] [8]
[10/20/2016 12:22:34 PM][00000029][tick]FSM_Ctrl#New_Game_Object FSM_Ctrl.xml->FSM[-1]:update [running] [8]
[10/20/2016 12:22:34 PM][00000030][tick]FSM_Ctrl#New_Game_Object FSM_Ctrl.xml->State[1]:update [running] [8]
[10/20/2016 12:22:34 PM][00000031][tick]FSM_Ctrl#New_Game_Object FSM_Ctrl.xml->BehaviorTree[-1]:update [running] [9]
[10/20/2016 12:22:34 PM][00000032][tick]FSM_Ctrl#New_Game_Object FSM_Ctrl.xml->FSM[-1]:update [running] [9]
[10/20/2016 12:22:34 PM][00000033][tick]FSM_Ctrl#New_Game_Object FSM_Ctrl.xml->State[1]:update [running] [9]
[10/20/2016 12:22:34 PM][00000034][tick]FSM_Ctrl#New_Game_Object FSM_Ctrl.xml->BehaviorTree[-1]:update [running] [10]
[10/20/2016 12:22:34 PM][00000035][tick]FSM_Ctrl#New_Game_Object FSM_Ctrl.xml->FSM[-1]:update [running] [10]
[10/20/2016 12:22:34 PM][00000036][tick]FSM_Ctrl#New_Game_Object FSM_Ctrl.xml->State[1]:update [running] [10]
[10/20/2016 12:22:34 PM][00000037][tick]FSM_Ctrl#New_Game_Object FSM_Ctrl.xml->BehaviorTree[-1]:update [running] [11]
[10/20/2016 12:22:34 PM][00000038][tick]FSM_Ctrl#New_Game_Object FSM_Ctrl.xml->FSM[-1]:update [running] [11]
[10/20/2016 12:22:34 PM][00000039][tick]FSM_Ctrl#New_Game_Object FSM_Ctrl.xml->State[1]:update [running] [11]
[10/20/2016 12:22:34 PM][00000040][tick]FSM_Ctrl#New_Game_Object FSM_Ctrl.xml->BehaviorTree[-1]:update [running] [12]
[10/20/2016 12:22:34 PM][00000041][tick]FSM_Ctrl#New_Game_Object FSM_Ctrl.xml->FSM[-1]:update [running] [12]
[10/20/2016 12:22:34 PM][00000042][tick]FSM_Ctrl#New_Game_Object FSM_Ctrl.xml->State[1]:update [running] [12]
[10/20/2016 12:22:34 PM][00000043][tick]FSM_Ctrl#New_Game_Object FSM_Ctrl.xml->BehaviorTree[-1]:update [running] [13]
[10/20/2016 12:22:34 PM][00000044][tick]FSM_Ctrl#New_Game_Object FSM_Ctrl.xml->FSM[-1]:update [running] [13]
[10/20/2016 12:22:34 PM][00000045][tick]FSM_Ctrl#New_Game_Object FSM_Ctrl.xml->State[1]:update [running] [13]
[10/20/2016 12:22:34 PM][00000046][tick]FSM_Ctrl#New_Game_Object FSM_Ctrl.xml->BehaviorTree[-1]:update [running] [14]
[10/20/2016 12:22:34 PM][00000047][tick]FSM_Ctrl#New_Game_Object FSM_Ctrl.xml->FSM[-1]:update [running] [14]
[10/20/2016 12:22:34 PM][00000048][tick]FSM_Ctrl#New_Game_Object FSM_Ctrl.xml->State[1]:update [running] [14]
[10/20/2016 12:22:34 PM][00000049][tick]FSM_Ctrl#New_Game_Object FSM_Ctrl.xml->BehaviorTree[-1]:update [running] [15]
[10/20/2016 12:22:34 PM][00000050][tick]FSM_Ctrl#New_Game_Object FSM_Ctrl.xml->FSM[-1]:update [running] [15]
[10/20/2016 12:22:34 PM][00000051][tick]FSM_Ctrl#New_Game_Object FSM_Ctrl.xml->State[1]:update [running] [15]
[10/20/2016 12:22:34 PM][00000052][tick]FSM_Ctrl#New_Game_Object FSM_Ctrl.xml->BehaviorTree[-1]:update [running] [16]
[10/20/2016 12:22:34 PM][00000053][tick]FSM_Ctrl#New_Game_Object FSM_Ctrl.xml->FSM[-1]:update [running] [16]
[10/20/2016 12:22:34 PM][00000054][tick]FSM_Ctrl#New_Game_Object FSM_Ctrl.xml->State[1]:update [running] [16]
[10/20/2016 12:22:34 PM][00000055][tick]FSM_Ctrl#New_Game_Object FSM_Ctrl.xml->BehaviorTree[-1]:update [running] [17]
[10/20/2016 12:22:34 PM][00000056][tick]FSM_Ctrl#New_Game_Object FSM_Ctrl.xml->FSM[-1]:update [running] [17]
[10/20/2016 12:22:34 PM][00000057][tick]FSM_Ctrl#New_Game_Object FSM_Ctrl.xml->State[1]:update [running] [17]
[10/20/2016 12:22:34 PM][00000058][tick]FSM_Ctrl#New_Game_Object FSM_Ctrl.xml->BehaviorTree[-1]:update [running] [18]
[10/20/2016 12:22:34 PM][00000059][tick]FSM_Ctrl#New_Game_Object FSM_Ctrl.xml->FSM[-1]:update [running] [18]
[10/20/2016 12:22:34 PM][00000060][tick]FSM_Ctrl#New_Game_Object FSM_Ctrl.xml->State[1]:update [running] [18]
[10/20/2016 12:22:34 PM][00000061][tick]FSM_Ctrl#New_Game_Object FSM_Ctrl.xml->BehaviorTree[-1]:update [running] [19]
[10/20/2016 12:22:34 PM][00000062][tick]FSM_Ctrl#New_Game_Object FSM_Ctrl.xml->FSM[-1]:update [running] [19]
[10/20/2016 12:22:34 PM][00000063][tick]FSM_Ctrl#New_Game_Object FSM_Ctrl.xml->State[1]:update [running] [19]
[10/20/2016 12:22:34 PM][00000064][tick]FSM_Ctrl#New_Game_Object FSM_Ctrl.xml->BehaviorTree[-1]:update [running] [20]
[10/20/2016 12:22:34 PM][00000065][tick]FSM_Ctrl#New_Game_Object FSM_Ctrl.xml->FSM[-1]:update [running] [20]
[10/20/2016 12:22:34 PM][00000066][tick]FSM_Ctrl#New_Game_Object FSM_Ctrl.xml->State[1]:update [running] [20]
[10/20/2016 12:22:34 PM][00000067][tick]FSM_Ctrl#New_Game_Object FSM_Ctrl.xml->BehaviorTree[-1]:update [running] [21]
[10/20/2016 12:22:34 PM][00000068][tick]FSM_Ctrl#New_Game_Object FSM_Ctrl.xml->FSM[-1]:update [running] [21]
[10/20/2016 12:22:34 PM][00000069][tick]FSM_Ctrl#New_Game_Object FSM_Ctrl.xml->State[1]:update [running] [21]
[10/20/2016 12:22:34 PM][00000070][tick]FSM_Ctrl#New_Game_Object FSM_Ctrl.xml->BehaviorTree[-1]:update [running] [22]
[10/20/2016 12:22:34 PM][00000071][tick]FSM_Ctrl#New_Game_Object FSM_Ctrl.xml->FSM[-1]:update [running] [22]
[10/20/2016 12:22:34 PM][00000072][tick]FSM_Ctrl#New_Game_Object FSM_Ctrl.xml->State[1]:update [running] [22]
[10/20/2016 12:22:34 PM][00000073][tick]FSM_Ctrl#New_Game_Object FSM_Ctrl.xml->BehaviorTree[-1]:update [running] [23]
[10/20/2016 12:22:34 PM][00000074][tick]FSM_Ctrl#New_Game_Object FSM_Ctrl.xml->FSM[-1]:update [running] [23]
[10/20/2016 12:22:34 PM][00000075][tick]FSM_Ctrl#New_Game_Object FSM_Ctrl.xml->State[1]:update [running] [23]
[10/20/2016 12:22:34 PM][00000076][tick]FSM_Ctrl#New_Game_Object FSM_Ctrl.xml->BehaviorTree[-1]:update [running] [24]
[10/20/2016 12:22:34 PM][00000077][tick]FSM_Ctrl#New_Game_Object FSM_Ctrl.xml->FSM[-1]:update [running] [24]
[10/20/2016 12:22:34 PM][00000078][tick]FSM_Ctrl#New_Game_Object FSM_Ctrl.xml->State[1]:update [running] [24]
[10/20/2016 12:22:34 PM][00000079][tick]FSM_Ctrl#New_Game_Object FSM_Ctrl.xml->BehaviorTree[-1]:update [running] [25]
[10/20/2016 12:22:34 PM][00000080][tick]FSM_Ctrl#New_Game_Object FSM_Ctrl.xml->FSM[-1]:update [running] [25]
[10/20/2016 12:22:34 PM][00000081][tick]FSM_Ctrl#New_Game_Object FSM_Ctrl.xml->State[1]:update [running] [25]
[10/20/2016 12:22:34 PM][00000082][tick]FSM_Ctrl#New_Game_Object FSM_Ctrl.xml->BehaviorTree[-1]:update [running] [26]
[10/20/2016 12:22:34 PM][00000083][tick]FSM_Ctrl#New_Game_Object FSM_Ctrl.xml->FSM[-1]:update [running] [26]
[10/20/2016 12:22:34 PM][00000084][tick]FSM_Ctrl#New_Game_Object FSM_Ctrl.xml->State[1]:update [running] [26]
[10/20/2016 12:22:34 PM][00000085][tick]FSM_Ctrl#New_Game_Object FSM_Ctrl.xml->BehaviorTree[-1]:update [running] [27]
[10/20/2016 12:22:34 PM][00000086][tick]FSM_Ctrl#New_Game_Object FSM_Ctrl.xml->FSM[-1]:update [running] [27]
[10/20/2016 12:22:34 PM][00000087][tick]FSM_Ctrl#New_Game_Object FSM_Ctrl.xml->State[1]:update [running] [27]
[10/20/2016 12:22:34 PM][00000088][tick]FSM_Ctrl#New_Game_Object FSM_Ctrl.xml->BehaviorTree[-1]:update [running] [28]
[10/20/2016 12:22:34 PM][00000089][tick]FSM_Ctrl#New_Game_Object FSM_Ctrl.xml->FSM[-1]:update [running] [28]
[10/20/2016 12:22:34 PM][00000090][tick]FSM_Ctrl#New_Game_Object FSM_Ctrl.xml->State[1]:update [running] [28]
[10/20/2016 12:22:34 PM][00000091][tick]FSM_Ctrl#New_Game_Object FSM_Ctrl.xml->BehaviorTree[-1]:update [running] [29]
[10/20/2016 12:22:34 PM][00000092][tick]FSM_Ctrl#New_Game_Object FSM_Ctrl.xml->FSM[-1]:update [running] [29]
[10/20/2016 12:22:34 PM][00000093][tick]FSM_Ctrl#New_Game_Object FSM_Ctrl.xml->State[1]:update [running] [29]
[10/20/2016 12:22:34 PM][00000094][tick]FSM_Ctrl#New_Game_Object FSM_Ctrl.xml->BehaviorTree[-1]:update [running] [30]
[10/20/2016 12:22:34 PM][00000095][tick]FSM_Ctrl#New_Game_Object FSM_Ctrl.xml->FSM[-1]:update [running] [30]
[10/20/2016 12:22:34 PM][00000096][tick]FSM_Ctrl#New_Game_Object FSM_Ctrl.xml->State[1]:update [running] [30]
[10/20/2016 12:22:34 PM][00000097][tick]FSM_Ctrl#New_Game_Object FSM_Ctrl.xml->BehaviorTree[-1]:update [running] [31]
[10/20/2016 12:22:34 PM][00000098][tick]FSM_Ctrl#New_Game_Object FSM_Ctrl.xml->FSM[-1]:update [running] [31]
[10/20/2016 12:22:34 PM][00000099][tick]FSM_Ctrl#New_Game_Object FSM_Ctrl.xml->State[1]:update [running] [31]
[10/20/2016 12:22:34 PM][00000100][tick]FSM_Ctrl#New_Game_Object FSM_Ctrl.xml->BehaviorTree[-1]:update [running] [32]
[10/20/2016 12:22:34 PM][00000101][tick]FSM_Ctrl#New_Game_Object FSM_Ctrl.xml->FSM[-1]:update [running] [32]
[10/20/2016 12:22:34 PM][00000102][tick]FSM_Ctrl#New_Game_Object FSM_Ctrl.xml->State[1]:update [running] [32]
[10/20/2016 12:22:34 PM][00000103][tick]FSM_Ctrl#New_Game_Object FSM_Ctrl.xml->BehaviorTree[-1]:update [running] [33]
[10/20/2016 12:22:34 PM][00000104][tick]FSM_Ctrl#New_Game_Object FSM_Ctrl.xml->FSM[-1]:update [running] [33]
[10/20/2016 12:22:34 PM][00000105][tick]FSM_Ctrl#New_Game_Object FSM_Ctrl.xml->State[1]:update [running] [33]
[10/20/2016 12:22:34 PM][00000106][tick]FSM_Ctrl#New_Game_Object FSM_Ctrl.xml->BehaviorTree[-1]:update [running] [34]
[10/20/2016 12:22:34 PM][00000107][tick]FSM_Ctrl#New_Game_Object FSM_Ctrl.xml->FSM[-1]:update [running] [34]
[10/20/2016 12:22:34 PM][00000108][tick]FSM_Ctrl#New_Game_Object FSM_Ctrl.xml->State[1]:update [running] [34]
[10/20/2016 12:22:34 PM][00000109][tick]FSM_Ctrl#New_Game_Object FSM_Ctrl.xml->BehaviorTree[-1]:update [running] [35]
[10/20/2016 12:22:34 PM][00000110][tick]FSM_Ctrl#New_Game_Object FSM_Ctrl.xml->FSM[-1]:update [running] [35]
[10/20/2016 12:22:34 PM][00000111][tick]FSM_Ctrl#New_Game_Object FSM_Ctrl.xml->State[1]:update [running] [35]
[10/20/2016 12:22:34 PM][00000112][tick]FSM_Ctrl#New_Game_Object FSM_Ctrl.xml->BehaviorTree[-1]:update [running] [36]
[10/20/2016 12:22:34 PM][00000113][tick]FSM_Ctrl#New_Game_Object FSM_Ctrl.xml->FSM[-1]:update [running] [36]
[10/20/2016 12:22:34 PM][00000114][tick]FSM_Ctrl#New_Game_Object FSM_Ctrl.xml->State[1]:update [running] [36]
[10/20/2016 12:22:34 PM][00000115][tick]FSM_Ctrl#New_Game_Object FSM_Ctrl.xml->BehaviorTree[-1]:update [running] [37]
[10/20/2016 12:22:34 PM][00000116][tick]FSM_Ctrl#New_Game_Object FSM_Ctrl.xml->FSM[-1]:update [running] [37]
[10/20/2016 12:22:34 PM][00000117][tick]FSM_Ctrl#New_Game_Object FSM_Ctrl.xml->State[1]:update [running] [37]
[10/20/2016 12:22:34 PM][00000118][tick]FSM_Ctrl#New_Game_Object FSM_Ctrl.xml->BehaviorTree[-1]:update [running] [38]
[10/20/2016 12:22:34 PM][00000119][tick]FSM_Ctrl#New_Game_Object FSM_Ctrl.xml->FSM[-1]:update [running] [38]
[10/20/2016 12:22:34 PM][00000120][tick]FSM_Ctrl#New_Game_Object FSM_Ctrl.xml->State[1]:update [running] [38]
[10/20/2016 12:22:34 PM][00000121][tick]FSM_Ctrl#New_Game_Object FSM_Ctrl.xml->BehaviorTree[-1]:update [running] [39]
[10/20/2016 12:22:34 PM][00000122][tick]FSM_Ctrl#New_Game_Object FSM_Ctrl.xml->FSM[-1]:update [running] [39]
[10/20/2016 12:22:34 PM][00000123][tick]FSM_Ctrl#New_Game_Object FSM_Ctrl.xml->State[1]:update [running] [39]
[10/20/2016 12:22:34 PM][00000124][tick]FSM_Ctrl#New_Game_Object FSM_Ctrl.xml->BehaviorTree[-1]:update [running] [40]
[10/20/2016 12:22:34 PM][00000125][tick]FSM_Ctrl#New_Game_Object FSM_Ctrl.xml->FSM[-1]:update [running] [40]
[10/20/2016 12:22:34 PM][00000126][tick]FSM_Ctrl#New_Game_Object FSM_Ctrl.xml->State[1]:update [running] [40]
[10/20/2016 12:22:34 PM][00000127][tick]FSM_Ctrl#New_Game_Object FSM_Ctrl.xml->BehaviorTree[-1]:update [running] [41]
[10/20/2016 12:22:34 PM][00000128][tick]FSM_Ctrl#New_Game_Object FSM_Ctrl.xml->FSM[-1]:update [running] [41]
[10/20/2016 12:22:34 PM][00000129][tick]FSM_Ctrl#New_Game_Object FSM_Ctrl.xml->State[1]:update [running] [41]
[10/20/2016 12:22:34 PM][00000130][tick]FSM_Ctrl#New_Game_Object FSM_Ctrl.xml->BehaviorTree[-1]:update [running] [42]
[10/20/2016 12:22:34 PM][00000131][tick]FSM_Ctrl#New_Game_Object FSM_Ctrl.xml->FSM[-1]:update [running] [42]
[10/20/2016 12:22:34 PM][00000132][tick]FSM_Ctrl#New_Game_Object FSM_Ctrl.xml->State[1]:update [running] [42]
[10/20/2016 12:22:34 PM][00000133][tick]FSM_Ctrl#New_Game_Object FSM_Ctrl.xml->BehaviorTree[-1]:update [running] [43]
[10/20/2016 12:22:34 PM][00000134][tick]FSM_Ctrl#New_Game_Object FSM_Ctrl.xml->FSM[-1]:update [running] [43]
[10/20/2016 12:22:34 PM][00000135][tick]FSM_Ctrl#New_Game_Object FSM_Ctrl.xml->State[1]:update [running] [43]
[10/20/2016 12:22:34 PM][00000136][tick]FSM_Ctrl#New_Game_Object FSM_Ctrl.xml->BehaviorTree[-1]:update [running] [44]
[10/20/2016 12:22:34 PM][00000137][tick]FSM_Ctrl#New_Game_Object FSM_Ctrl.xml->FSM[-1]:update [running] [44]
[10/20/2016 12:22:34 PM][00000138][tick]FSM_Ctrl#New_Game_Object FSM_Ctrl.xml->State[1]:update [running] [44]
[10/20/2016 12:22:34 PM][00000139][tick]FSM_Ctrl#New_Game_Object FSM_Ctrl.xml->BehaviorTree[-1]:update [running] [45]
[10/20/2016 12:22:34 PM][00000140][tick]FSM_Ctrl#New_Game_Object FSM_Ctrl.xml->FSM[-1]:update [running] [45]
[10/20/2016 12:22:34 PM][00000141][tick]FSM_Ctrl#New_Game_Object FSM_Ctrl.xml->State[1]:update [running] [45]
[10/20/2016 12:22:34 PM][00000142][tick]FSM_Ctrl#New_Game_Object FSM_Ctrl.xml->BehaviorTree[-1]:update [running] [46]
[10/20/2016 12:22:34 PM][00000143][tick]FSM_Ctrl#New_Game_Object FSM_Ctrl.xml->FSM[-1]:update [running] [46]
[10/20/2016 12:22:34 PM][00000144][tick]FSM_Ctrl#New_Game_Object FSM_Ctrl.xml->State[1]:update [running] [46]
[10/20/2016 12:22:34 PM][00000145][tick]FSM_Ctrl#New_Game_Object FSM_Ctrl.xml->BehaviorTree[-1]:update [running] [47]
[10/20/2016 12:22:34 PM][00000146][tick]FSM_Ctrl#New_Game_Object FSM_Ctrl.xml->FSM[-1]:update [running] [47]
[10/20/2016 12:22:34 PM][00000147][tick]FSM_Ctrl#New_Game_Object FSM_Ctrl.xml->State[1]:update [running] [47]
[10/20/2016 12:22:34 PM][00000148][tick]FSM_Ctrl#New_Game_Object FSM_Ctrl.xml->BehaviorTree[-1]:update [running] [48]
[10/20/2016 12:22:34 PM][00000149][tick]FSM_Ctrl#New_Game_Object FSM_Ctrl.xml->FSM[-1]:update [running] [48]
[10/20/2016 12:22:34 PM][00000150][tick]FSM_Ctrl#New_Game_Object FSM_Ctrl.xml->State[1]:update [running] [48]
[10/20/2016 12:22:34 PM][00000151][tick]FSM_Ctrl#New_Game_Object FSM_Ctrl.xml->BehaviorTree[-1]:update [running] [49]
[10/20/2016 12:22:34 PM][00000152][tick]FSM_Ctrl#New_Game_Object FSM_Ctrl.xml->FSM[-1]:update [running] [49]
[10/20/2016 12:22:34 PM][00000153][tick]FSM_Ctrl#New_Game_Object FSM_Ctrl.xml->State[1]:update [running] [49]
[10/20/2016 12:22:34 PM][00000154][tick]FSM_Ctrl#New_Game_Object FSM_Ctrl.xml->BehaviorTree[-1]:update [running] [50]
[10/20/2016 12:22:34 PM][00000155][tick]FSM_Ctrl#New_Game_Object FSM_Ctrl.xml->FSM[-1]:update [running] [50]
[10/20/2016 12:22:34 PM][00000156][tick]FSM_Ctrl#New_Game_Object FSM_Ctrl.xml->State[1]:update [running] [50]
[10/20/2016 12:22:34 PM][00000157][tick]FSM_Ctrl#New_Game_Object FSM_Ctrl.xml->BehaviorTree[-1]:update [running] [51]
[10/20/2016 12:22:34 PM][00000158][tick]FSM_Ctrl#New_Game_Object FSM_Ctrl.xml->FSM[-1]:update [running] [51]
[10/20/2016 12:22:34 PM][00000159][tick]FSM_Ctrl#New_Game_Object FSM_Ctrl.xml->State[1]:update [running] [51]
[10/20/2016 12:22:34 PM][00000160][tick]FSM_Ctrl#New_Game_Object FSM_Ctrl.xml->BehaviorTree[-1]:update [running] [52]
[10/20/2016 12:22:34 PM][00000161][tick]FSM_Ctrl#New_Game_Object FSM_Ctrl.xml->FSM[-1]:update [running] [52]
[10/20/2016 12:22:34 PM][00000162][tick]FSM_Ctrl#New_Game_Object FSM_Ctrl.xml->State[1]:update [running] [52]
[10/20/2016 12:22:34 PM][00000163][tick]FSM_Ctrl#New_Game_Object FSM_Ctrl.xml->BehaviorTree[-1]:update [running] [53]
[10/20/2016 12:22:34 PM][00000164][tick]FSM_Ctrl#New_Game_Object FSM_Ctrl.xml->FSM[-1]:update [running] [53]
[10/20/2016 12:22:34 PM][00000165][tick]FSM_Ctrl#New_Game_Object FSM_Ctrl.xml->State[1]:update [running] [53]
[10/20/2016 12:22:34 PM][00000166][tick]FSM_Ctrl#New_Game_Object FSM_Ctrl.xml->BehaviorTree[-1]:update [running] [54]
[10/20/2016 12:22:34 PM][00000167][tick]FSM_Ctrl#New_Game_Object FSM_Ctrl.xml->FSM[-1]:update [running] [54]
[10/20/2016 12:22:34 PM][00000168][tick]FSM_Ctrl#New_Game_Object FSM_Ctrl.xml->State[1]:update [running] [54]
[10/20/2016 12:22:34 PM][00000169][tick]FSM_Ctrl#New_Game_Object FSM_Ctrl.xml->BehaviorTree[-1]:update [running] [55]
[10/20/2016 12:22:34 PM][00000170][tick]FSM_Ctrl#New_Game_Object FSM_Ctrl.xml->FSM[-1]:update [running] [55]
[10/20/2016 12:22:34 PM][00000171][tick]FSM_Ctrl#New_Game_Object FSM_Ctrl.xml->State[1]:update [running] [55]
[10/20/2016 12:22:34 PM][00000172][tick]FSM_Ctrl#New_Game_Object FSM_Ctrl.xml->BehaviorTree[-1]:update [running] [56]
[10/20/2016 12:22:34 PM][00000173][tick]FSM_Ctrl#New_Game_Object FSM_Ctrl.xml->FSM[-1]:update [running] [56]
[10/20/2016 12:22:34 PM][00000174][tick]FSM_Ctrl#New_Game_Object FSM_Ctrl.xml->State[1]:update [running] [56]
[10/20/2016 12:22:34 PM][00000175][tick]FSM_Ctrl#New_Game_Object FSM_Ctrl.xml->BehaviorTree[-1]:update [running] [57]
[10/20/2016 12:22:34 PM][00000176][tick]FSM_Ctrl#New_Game_Object FSM_Ctrl.xml->FSM[-1]:update [running] [57]
[10/20/2016 12:22:34 PM][00000177][tick]FSM_Ctrl#New_Game_Object FSM_Ctrl.xml->State[1]:update [running] [57]
[10/20/2016 12:22:34 PM][00000178][tick]FSM_Ctrl#New_Game_Object FSM_Ctrl.xml->BehaviorTree[-1]:update [running] [58]
[10/20/2016 12:22:34 PM][00000179][tick]FSM_Ctrl#New_Game_Object FSM_Ctrl.xml->FSM[-1]:update [running] [58]
[10/20/2016 12:22:34 PM][00000180][tick]FSM_Ctrl#New_Game_Object FSM_Ctrl.xml->State[1]:update [running] [58]
[10/20/2016 12:22:34 PM][00000181][tick]FSM_Ctrl#New_Game_Object FSM_Ctrl.xml->BehaviorTree[-1]:update [running] [59]
[10/20/2016 12:22:34 PM][00000182][tick]FSM_Ctrl#New_Game_Object FSM_Ctrl.xml->FSM[-1]:update [running] [59]
[10/20/2016 12:22:34 PM][00000183][tick]FSM_Ctrl#New_Game_Object FSM_Ctrl.xml->State[1]:update [running] [59]
[10/20/2016 12:22:34 PM][00000184][tick]FSM_Ctrl#New_Game_Object FSM_Ctrl.xml->BehaviorTree[-1]:update [running] [60]
[10/20/2016 12:22:34 PM][00000185][tick]FSM_Ctrl#New_Game_Object FSM_Ctrl.xml->FSM[-1]:update [running] [60]
[10/20/2016 12:22:34 PM][00000186][tick]FSM_Ctrl#New_Game_Object FSM_Ctrl.xml->State[1]:update [running] [60]
[10/20/2016 12:22:34 PM][00000187][tick]FSM_Ctrl#New_Game_Object FSM_Ctrl.xml->BehaviorTree[-1]:update [running] [61]
[10/20/2016 12:22:34 PM][00000188][tick]FSM_Ctrl#New_Game_Object FSM_Ctrl.xml->FSM[-1]:update [running] [61]
[10/20/2016 12:22:34 PM][00000189][tick]FSM_Ctrl#New_Game_Object FSM_Ctrl.xml->State[1]:update [running] [61]
[10/20/2016 12:22:34 PM][00000190][tick]FSM_Ctrl#New_Game_Object FSM_Ctrl.xml->BehaviorTree[-1]:update [running] [62]
[10/20/2016 12:22:34 PM][00000191][tick]FSM_Ctrl#New_Game_Object FSM_Ctrl.xml->FSM[-1]:update [running] [62]
[10/20/2016 12:22:34 PM][00000192][tick]FSM_Ctrl#New_Game_Object FSM_Ctrl.xml->State[1]:update [running] [62]
[10/20/2016 12:22:34 PM][00000193][tick]FSM_Ctrl#New_Game_Object FSM_Ctrl.xml->BehaviorTree[-1]:update [running] [63]
[10/20/2016 12:22:34 PM][00000194][tick]FSM_Ctrl#New_Game_Object FSM_Ctrl.xml->FSM[-1]:update [running] [63]
[10/20/2016 12:22:34 PM][00000195][tick]FSM_Ctrl#New_Game_Object FSM_Ctrl.xml->State[1]:update [running] [63]
[10/20/2016 12:22:35 PM][00000196][tick]FSM_Ctrl#New_Game_Object FSM_Ctrl.xml->BehaviorTree[-1]:update [running] [64]
[10/20/2016 12:22:35 PM][00000197][tick]FSM_Ctrl#New_Game_Object FSM_Ctrl.xml->FSM[-1]:update [running] [64]
[10/20/2016 12:22:35 PM][00000198][tick]FSM_Ctrl#New_Game_Object FSM_Ctrl.xml->State[1]:update [running] [64]
[10/20/2016 12:22:35 PM][00000199][tick]FSM_Ctrl#New_Game_Object FSM_Ctrl.xml->BehaviorTree[-1]:update [running] [65]
[10/20/2016 12:22:35 PM][00000200][tick]FSM_Ctrl#New_Game_Object FSM_Ctrl.xml->FSM[-1]:update [running] [65]
[10/20/2016 12:22:35 PM][00000201][tick]FSM_Ctrl#New_Game_Object FSM_Ctrl.xml->State[1]:update [running] [65]
[10/20/2016 12:22:35 PM][00000202][tick]FSM_Ctrl#New_Game_Object FSM_Ctrl.xml->BehaviorTree[-1]:update [running] [66]
[10/20/2016 12:22:35 PM][00000203][tick]FSM_Ctrl#New_Game_Object FSM_Ctrl.xml->FSM[-1]:update [running] [66]
[10/20/2016 12:22:35 PM][00000204][tick]FSM_Ctrl#New_Game_Object FSM_Ctrl.xml->State[1]:update [running] [66]
[10/20/2016 12:22:35 PM][00000205][tick]FSM_Ctrl#New_Game_Object FSM_Ctrl.xml->BehaviorTree[-1]:update [running] [67]
[10/20/2016 12:22:35 PM][00000206][tick]FSM_Ctrl#New_Game_Object FSM_Ctrl.xml->FSM[-1]:update [running] [67]
[10/20/2016 12:22:35 PM][00000207][tick]FSM_Ctrl#New_Game_Object FSM_Ctrl.xml->State[1]:update [running] [67]
[10/20/2016 12:22:35 PM][00000208][tick]FSM_Ctrl#New_Game_Object FSM_Ctrl.xml->BehaviorTree[-1]:update [running] [68]
[10/20/2016 12:22:35 PM][00000209][tick]FSM_Ctrl#New_Game_Object FSM_Ctrl.xml->FSM[-1]:update [running] [68]
[10/20/2016 12:22:35 PM][00000210][tick]FSM_Ctrl#New_Game_Object FSM_Ctrl.xml->State[1]:update [running] [68]
[10/20/2016 12:22:35 PM][00000211][tick]FSM_Ctrl#New_Game_Object FSM_Ctrl.xml->BehaviorTree[-1]:update [running] [69]
[10/20/2016 12:22:35 PM][00000212][tick]FSM_Ctrl#New_Game_Object FSM_Ctrl.xml->FSM[-1]:update [running] [69]
[10/20/2016 12:22:35 PM][00000213][tick]FSM_Ctrl#New_Game_Object FSM_Ctrl.xml->State[1]:update [running] [69]
[10/20/2016 12:22:35 PM][00000214][tick]FSM_Ctrl#New_Game_Object FSM_Ctrl.xml->BehaviorTree[-1]:update [running] [70]
[10/20/2016 12:22:35 PM][00000215][tick]FSM_Ctrl#New_Game_Object FSM_Ctrl.xml->FSM[-1]:update [running] [70]
[10/20/2016 12:22:35 PM][00000216][tick]FSM_Ctrl#New_Game_Object FSM_Ctrl.xml->State[1]:update [running] [70]
[10/20/2016 12:22:35 PM][00000217][tick]FSM_Ctrl#New_Game_Object FSM_Ctrl.xml->BehaviorTree[-1]:update [running] [71]
[10/20/2016 12:22:35 PM][00000218][tick]FSM_Ctrl#New_Game_Object FSM_Ctrl.xml->FSM[-1]:update [running] [71]
[10/20/2016 12:22:35 PM][00000219][tick]FSM_Ctrl#New_Game_Object FSM_Ctrl.xml->State[1]:update [running] [71]
[10/20/2016 12:22:35 PM][00000220][tick]FSM_Ctrl#New_Game_Object FSM_Ctrl.xml->BehaviorTree[-1]:update [running] [72]
[10/20/2016 12:22:35 PM][00000221][tick]FSM_Ctrl#New_Game_Object FSM_Ctrl.xml->FSM[-1]:update [running] [72]
[10/20/2016 12:22:35 PM][00000222][tick]FSM_Ctrl#New_Game_Object FSM_Ctrl.xml->State[1]:update [running] [72]
[10/20/2016 12:22:35 PM][00000223][tick]FSM_Ctrl#New_Game_Object FSM_Ctrl.xml->BehaviorTree[-1]:update [running] [73]
[10/20/2016 12:22:35 PM][00000224][tick]FSM_Ctrl#New_Game_Object FSM_Ctrl.xml->FSM[-1]:update [running] [73]
[10/20/2016 12:22:35 PM][00000225][tick]FSM_Ctrl#New_Game_Object FSM_Ctrl.xml->State[1]:update [running] [73]
[10/20/2016 12:22:35 PM][00000226][tick]FSM_Ctrl#New_Game_Object FSM_Ctrl.xml->BehaviorTree[-1]:update [running] [74]
[10/20/2016 12:22:35 PM][00000227][tick]FSM_Ctrl#New_Game_Object FSM_Ctrl.xml->FSM[-1]:update [running] [74]
[10/20/2016 12:22:35 PM][00000228][tick]FSM_Ctrl#New_Game_Object FSM_Ctrl.xml->State[1]:update [running] [74]
[10/20/2016 12:22:35 PM][00000229][tick]FSM_Ctrl#New_Game_Object FSM_Ctrl.xml->BehaviorTree[-1]:update [running] [75]
[10/20/2016 12:22:35 PM][00000230][tick]FSM_Ctrl#New_Game_Object FSM_Ctrl.xml->FSM[-1]:update [running] [75]
[10/20/2016 12:22:35 PM][00000231][tick]FSM_Ctrl#New_Game_Object FSM_Ctrl.xml->State[1]:update [running] [75]
[10/20/2016 12:22:35 PM][00000232][tick]FSM_Ctrl#New_Game_Object FSM_Ctrl.xml->BehaviorTree[-1]:update [running] [76]
[10/20/2016 12:22:35 PM][00000233][tick]FSM_Ctrl#New_Game_Object FSM_Ctrl.xml->FSM[-1]:update [running] [76]
[10/20/2016 12:22:35 PM][00000234][tick]FSM_Ctrl#New_Game_Object FSM_Ctrl.xml->State[1]:update [running] [76]
[10/20/2016 12:22:35 PM][00000235][tick]FSM_Ctrl#New_Game_Object FSM_Ctrl.xml->BehaviorTree[-1]:update [running] [77]
[10/20/2016 12:22:35 PM][00000236][tick]FSM_Ctrl#New_Game_Object FSM_Ctrl.xml->FSM[-1]:update [running] [77]
[10/20/2016 12:22:35 PM][00000237][tick]FSM_Ctrl#New_Game_Object FSM_Ctrl.xml->State[1]:update [running] [77]
[10/20/2016 12:22:35 PM][00000238][tick]FSM_Ctrl#New_Game_Object FSM_Ctrl.xml->BehaviorTree[-1]:update [running] [78]
[10/20/2016 12:22:35 PM][00000239][tick]FSM_Ctrl#New_Game_Object FSM_Ctrl.xml->FSM[-1]:update [running] [78]
[10/20/2016 12:22:35 PM][00000240][tick]FSM_Ctrl#New_Game_Object FSM_Ctrl.xml->State[1]:update [running] [78]
[10/20/2016 12:22:35 PM][00000241][tick]FSM_Ctrl#New_Game_Object FSM_Ctrl.xml->BehaviorTree[-1]:update [running] [79]
[10/20/2016 12:22:35 PM][00000242][tick]FSM_Ctrl#New_Game_Object FSM_Ctrl.xml->FSM[-1]:update [running] [79]
[10/20/2016 12:22:35 PM][00000243][tick]FSM_Ctrl#New_Game_Object FSM_Ctrl.xml->State[1]:update [running] [79]
[10/20/2016 12:22:35 PM][00000244][tick]FSM_Ctrl#New_Game_Object FSM_Ctrl.xml->BehaviorTree[-1]:update [running] [80]
[10/20/2016 12:22:35 PM][00000245][tick]FSM_Ctrl#New_Game_Object FSM_Ctrl.xml->FSM[-1]:update [running] [80]
[10/20/2016 12:22:35 PM][00000246][tick]FSM_Ctrl#New_Game_Object FSM_Ctrl.xml->State[1]:update [running] [80]
[10/20/2016 12:22:35 PM][00000247][tick]FSM_Ctrl#New_Game_Object FSM_Ctrl.xml->BehaviorTree[-1]:update [running] [81]
[10/20/2016 12:22:35 PM][00000248][tick]FSM_Ctrl#New_Game_Object FSM_Ctrl.xml->FSM[-1]:update [running] [81]
[10/20/2016 12:22:35 PM][00000249][tick]FSM_Ctrl#New_Game_Object FSM_Ctrl.xml->State[1]:update [running] [81]
[10/20/2016 12:22:35 PM][00000250][tick]FSM_Ctrl#New_Game_Object FSM_Ctrl.xml->BehaviorTree[-1]:update [running] [82]
[10/20/2016 12:22:35 PM][00000251][tick]FSM_Ctrl#New_Game_Object FSM_Ctrl.xml->FSM[-1]:update [running] [82]
[10/20/2016 12:22:35 PM][00000252][tick]FSM_Ctrl#New_Game_Object FSM_Ctrl.xml->State[1]:update [running] [82]
[10/20/2016 12:22:35 PM][00000253][tick]FSM_Ctrl#New_Game_Object FSM_Ctrl.xml->BehaviorTree[-1]:update [running] [83]
[10/20/2016 12:22:35 PM][00000254][tick]FSM_Ctrl#New_Game_Object FSM_Ctrl.xml->FSM[-1]:update [running] [83]
[10/20/2016 12:22:35 PM][00000255][tick]FSM_Ctrl#New_Game_Object FSM_Ctrl.xml->State[1]:update [running] [83]
[10/20/2016 12:22:35 PM][00000256][tick]FSM_Ctrl#New_Game_Object FSM_Ctrl.xml->BehaviorTree[-1]:update [running] [84]
[10/20/2016 12:22:35 PM][00000257][tick]FSM_Ctrl#New_Game_Object FSM_Ctrl.xml->FSM[-1]:update [running] [84]
[10/20/2016 12:22:35 PM][00000258][tick]FSM_Ctrl#New_Game_Object FSM_Ctrl.xml->State[1]:update [running] [84]
[10/20/2016 12:22:35 PM][00000259][tick]FSM_Ctrl#New_Game_Object FSM_Ctrl.xml->BehaviorTree[-1]:update [running] [85]
[10/20/2016 12:22:35 PM][00000260][tick]FSM_Ctrl#New_Game_Object FSM_Ctrl.xml->FSM[-1]:update [running] [85]
[10/20/2016 12:22:35 PM][00000261][tick]FSM_Ctrl#New_Game_Object FSM_Ctrl.xml->State[1]:update [running] [85]
[10/20/2016 12:22:35 PM][00000262][tick]FSM_Ctrl#New_Game_Object FSM_Ctrl.xml->BehaviorTree[-1]:update [running] [86]
[10/20/2016 12:22:35 PM][00000263][tick]FSM_Ctrl#New_Game_Object FSM_Ctrl.xml->FSM[-1]:update [running] [86]
[10/20/2016 12:22:35 PM][00000264][tick]FSM_Ctrl#New_Game_Object FSM_Ctrl.xml->State[1]:update [running] [86]
[10/20/2016 12:22:35 PM][00000265][tick]FSM_Ctrl#New_Game_Object FSM_Ctrl.xml->BehaviorTree[-1]:update [running] [87]
[10/20/2016 12:22:35 PM][00000266][tick]FSM_Ctrl#New_Game_Object FSM_Ctrl.xml->FSM[-1]:update [running] [87]
[10/20/2016 12:22:35 PM][00000267][tick]FSM_Ctrl#New_Game_Object FSM_Ctrl.xml->State[1]:update [running] [87]
[10/20/2016 12:22:35 PM][00000268][tick]FSM_Ctrl#New_Game_Object FSM_Ctrl.xml->BehaviorTree[-1]:update [running] [88]
[10/20/2016 12:22:35 PM][00000269][tick]FSM_Ctrl#New_Game_Object FSM_Ctrl.xml->FSM[-1]:update [running] [88]
[10/20/2016 12:22:35 PM][00000270][tick]FSM_Ctrl#New_Game_Object FSM_Ctrl.xml->State[1]:update [running] [88]
[10/20/2016 12:22:35 PM][00000271][tick]FSM_Ctrl#New_Game_Object FSM_Ctrl.xml->BehaviorTree[-1]:update [running] [89]
[10/20/2016 12:22:35 PM][00000272][tick]FSM_Ctrl#New_Game_Object FSM_Ctrl.xml->FSM[-1]:update [running] [89]
[10/20/2016 12:22:35 PM][00000273][tick]FSM_Ctrl#New_Game_Object FSM_Ctrl.xml->State[1]:update [running] [89]
[10/20/2016 12:22:35 PM][00000274][tick]FSM_Ctrl#New_Game_Object FSM_Ctrl.xml->BehaviorTree[-1]:update [running] [90]
[10/20/2016 12:22:35 PM][00000275][tick]FSM_Ctrl#New_Game_Object FSM_Ctrl.xml->FSM[-1]:update [running] [90]
[10/20/2016 12:22:35 PM][00000276][tick]FSM_Ctrl#New_Game_Object FSM_Ctrl.xml->State[1]:update [running] [90]
[10/20/2016 12:22:35 PM][00000277][tick]FSM_Ctrl#New_Game_Object FSM_Ctrl.xml->BehaviorTree[-1]:update [running] [91]
[10/20/2016 12:22:35 PM][00000278][tick]FSM_Ctrl#New_Game_Object FSM_Ctrl.xml->FSM[-1]:update [running] [91]
[10/20/2016 12:22:35 PM][00000279][tick]FSM_Ctrl#New_Game_Object FSM_Ctrl.xml->State[1]:update [running] [91]
[10/20/2016 12:22:35 PM][00000280][tick]FSM_Ctrl#New_Game_Object FSM_Ctrl.xml->BehaviorTree[-1]:update [running] [92]
[10/20/2016 12:22:35 PM][00000281][tick]FSM_Ctrl#New_Game_Object FSM_Ctrl.xml->FSM[-1]:update [running] [92]
[10/20/2016 12:22:35 PM][00000282][tick]FSM_Ctrl#New_Game_Object FSM_Ctrl.xml->State[1]:update [running] [92]
[10/20/2016 12:22:35 PM][00000283][tick]FSM_Ctrl#New_Game_Object FSM_Ctrl.xml->BehaviorTree[-1]:update [running] [93]
[10/20/2016 12:22:35 PM][00000284][tick]FSM_Ctrl#New_Game_Object FSM_Ctrl.xml->FSM[-1]:update [running] [93]
[10/20/2016 12:22:35 PM][00000285][tick]FSM_Ctrl#New_Game_Object FSM_Ctrl.xml->State[1]:update [running] [93]
[10/20/2016 12:22:35 PM][00000286][tick]FSM_Ctrl#New_Game_Object FSM_Ctrl.xml->BehaviorTree[-1]:update [running] [94]
[10/20/2016 12:22:35 PM][00000287][tick]FSM_Ctrl#New_Game_Object FSM_Ctrl.xml->FSM[-1]:update [running] [94]
[10/20/2016 12:22:35 PM][00000288][tick]FSM_Ctrl#New_Game_Object FSM_Ctrl.xml->State[1]:update [running] [94]
[10/20/2016 12:22:35 PM][00000289][tick]FSM_Ctrl#New_Game_Object FSM_Ctrl.xml->BehaviorTree[-1]:update [running] [95]
[10/20/2016 12:22:35 PM][00000290][tick]FSM_Ctrl#New_Game_Object FSM_Ctrl.xml->FSM[-1]:update [running] [95]
[10/20/2016 12:22:35 PM][00000291][tick]FSM_Ctrl#New_Game_Object FSM_Ctrl.xml->State[1]:update [running] [95]
[10/20/2016 12:22:35 PM][00000292][tick]FSM_Ctrl#New_Game_Object FSM_Ctrl.xml->BehaviorTree[-1]:update [running] [96]
[10/20/2016 12:22:35 PM][00000293][tick]FSM_Ctrl#New_Game_Object FSM_Ctrl.xml->FSM[-1]:update [running] [96]
[10/20/2016 12:22:35 PM][00000294][tick]FSM_Ctrl#New_Game_Object FSM_Ctrl.xml->State[1]:update [running] [96]
[10/20/2016 12:22:35 PM][00000295][tick]FSM_Ctrl#New_Game_Object FSM_Ctrl.xml->BehaviorTree[-1]:update [running] [97]
[10/20/2016 12:22:35 PM][00000296][tick]FSM_Ctrl#New_Game_Object FSM_Ctrl.xml->FSM[-1]:update [running] [97]
[10/20/2016 12:22:35 PM][00000297][tick]FSM_Ctrl#New_Game_Object FSM_Ctrl.xml->State[1]:update [running] [97]
[10/20/2016 12:22:35 PM][00000298][tick]FSM_Ctrl#New_Game_Object FSM_Ctrl.xml->BehaviorTree[-1]:update [running] [98]
[10/20/2016 12:22:35 PM][00000299][tick]FSM_Ctrl#New_Game_Object FSM_Ctrl.xml->FSM[-1]:update [running] [98]
[10/20/2016 12:22:35 PM][00000300][tick]FSM_Ctrl#New_Game_Object FSM_Ctrl.xml->State[1]:update [running] [98]
[10/20/2016 12:22:35 PM][00000301][tick]FSM_Ctrl#New_Game_Object FSM_Ctrl.xml->BehaviorTree[-1]:update [running] [99]
[10/20/2016 12:22:35 PM][00000302][tick]FSM_Ctrl#New_Game_Object FSM_Ctrl.xml->FSM[-1]:update [running] [99]
[10/20/2016 12:22:35 PM][00000303][tick]FSM_Ctrl#New_Game_Object FSM_Ctrl.xml->State[1]:update [running] [99]
[10/20/2016 12:22:35 PM][00000304][tick]FSM_Ctrl#New_Game_Object FSM_Ctrl.xml->BehaviorTree[-1]:update [running] [100]
[10/20/2016 12:22:35 PM][00000305][tick]FSM_Ctrl#New_Game_Object FSM_Ctrl.xml->FSM[-1]:update [running] [100]
[10/20/2016 12:22:35 PM][00000306][tick]FSM_Ctrl#New_Game_Object FSM_Ctrl.xml->State[1]:update [running] [100]
[10/20/2016 12:22:35 PM][00000307][tick]FSM_Ctrl#New_Game_Object FSM_Ctrl.xml->BehaviorTree[-1]:update [running] [101]
[10/20/2016 12:22:35 PM][00000308][tick]FSM_Ctrl#New_Game_Object FSM_Ctrl.xml->FSM[-1]:update [running] [101]
[10/20/2016 12:22:35 PM][00000309][tick]FSM_Ctrl#New_Game_Object FSM_Ctrl.xml->State[1]:update [running] [101]
[10/20/2016 12:22:35 PM][00000310][tick]FSM_Ctrl#New_Game_Object FSM_Ctrl.xml->BehaviorTree[-1]:update [running] [102]
[10/20/2016 12:22:35 PM][00000311][tick]FSM_Ctrl#New_Game_Object FSM_Ctrl.xml->FSM[-1]:update [running] [102]
[10/20/2016 12:22:35 PM][00000312][tick]FSM_Ctrl#New_Game_Object FSM_Ctrl.xml->State[1]:update [running] [102]
[10/20/2016 12:22:35 PM][00000313][tick]FSM_Ctrl#New_Game_Object FSM_Ctrl.xml->BehaviorTree[-1]:update [running] [103]
[10/20/2016 12:22:35 PM][00000314][tick]FSM_Ctrl#New_Game_Object FSM_Ctrl.xml->FSM[-1]:update [running] [103]
[10/20/2016 12:22:35 PM][00000315][tick]FSM_Ctrl#New_Game_Object FSM_Ctrl.xml->State[1]:update [running] [103]
[10/20/2016 12:22:35 PM][00000316][tick]FSM_Ctrl#New_Game_Object FSM_Ctrl.xml->BehaviorTree[-1]:update [running] [104]
[10/20/2016 12:22:35 PM][00000317][tick]FSM_Ctrl#New_Game_Object FSM_Ctrl.xml->FSM[-1]:update [running] [104]
[10/20/2016 12:22:35 PM][00000318][tick]FSM_Ctrl#New_Game_Object FSM_Ctrl.xml->State[1]:update [running] [104]
[10/20/2016 12:22:35 PM][00000319][tick]FSM_Ctrl#New_Game_Object FSM_Ctrl.xml->BehaviorTree[-1]:update [running] [105]
[10/20/2016 12:22:35 PM][00000320][tick]FSM_Ctrl#New_Game_Object FSM_Ctrl.xml->FSM[-1]:update [running] [105]
[10/20/2016 12:22:35 PM][00000321][tick]FSM_Ctrl#New_Game_Object FSM_Ctrl.xml->State[1]:update [running] [105]
[10/20/2016 12:22:35 PM][00000322][tick]FSM_Ctrl#New_Game_Object FSM_Ctrl.xml->BehaviorTree[-1]:update [running] [106]
[10/20/2016 12:22:35 PM][00000323][tick]FSM_Ctrl#New_Game_Object FSM_Ctrl.xml->FSM[-1]:update [running] [106]
[10/20/2016 12:22:35 PM][00000324][tick]FSM_Ctrl#New_Game_Object FSM_Ctrl.xml->State[1]:update [running] [106]
[10/20/2016 12:22:35 PM][00000325][tick]FSM_Ctrl#New_Game_Object FSM_Ctrl.xml->BehaviorTree[-1]:update [running] [107]
[10/20/2016 12:22:35 PM][00000326][tick]FSM_Ctrl#New_Game_Object FSM_Ctrl.xml->FSM[-1]:update [running] [107]
[10/20/2016 12:22:35 PM][00000327][tick]FSM_Ctrl#New_Game_Object FSM_Ctrl.xml->State[1]:update [running] [107]
[10/20/2016 12:22:35 PM][00000328][tick]FSM_Ctrl#New_Game_Object FSM_Ctrl.xml->BehaviorTree[-1]:update [running] [108]
[1